Performing C++ SOURCE FILE Test HAVE_DECLSPEC_NOINLINE failed with the following output:
Change Dir: /Users/marios/PTaaS/pbrt-v3/CMakeFiles/CMakeTmp

Run Build Command:"/usr/bin/make" "cmTC_d8d4b/fast"
/Library/Developer/CommandLineTools/usr/bin/make -f CMakeFiles/cmTC_d8d4b.dir/build.make CMakeFiles/cmTC_d8d4b.dir/build
Building CXX object CMakeFiles/cmTC_d8d4b.dir/src.cxx.o
/Library/Developer/CommandLineTools/usr/bin/c++    -std=c++11 -Wno-deprecated-register -DHAVE_DECLSPEC_NOINLINE   -o CMakeFiles/cmTC_d8d4b.dir/src.cxx.o -c /Users/marios/PTaaS/pbrt-v3/CMakeFiles/CMakeTmp/src.cxx
/Users/marios/PTaaS/pbrt-v3/CMakeFiles/CMakeTmp/src.cxx:1:1: error: unknown type name '__declspec'
__declspec(noinline) void foo() { }
^
/Users/marios/PTaaS/pbrt-v3/CMakeFiles/CMakeTmp/src.cxx:1:21: error: expected ';' after top level declarator
__declspec(noinline) void foo() { }
                    ^
                    ;
2 errors generated.
make[1]: *** [CMakeFiles/cmTC_d8d4b.dir/src.cxx.o] Error 1
make: *** [cmTC_d8d4b/fast] Error 2

Source file was:
__declspec(noinline) void foo() { }
int main() { }
Performing C++ SOURCE FILE Test HAVE__ALIGNED_MALLOC failed with the following output:
Change Dir: /Users/marios/PTaaS/pbrt-v3/CMakeFiles/CMakeTmp

Run Build Command:"/usr/bin/make" "cmTC_4a86d/fast"
/Library/Developer/CommandLineTools/usr/bin/make -f CMakeFiles/cmTC_4a86d.dir/build.make CMakeFiles/cmTC_4a86d.dir/build
Building CXX object CMakeFiles/cmTC_4a86d.dir/src.cxx.o
/Library/Developer/CommandLineTools/usr/bin/c++    -std=c++11 -Wno-deprecated-register -DHAVE__ALIGNED_MALLOC   -o CMakeFiles/cmTC_4a86d.dir/src.cxx.o -c /Users/marios/PTaaS/pbrt-v3/CMakeFiles/CMakeTmp/src.cxx
/Users/marios/PTaaS/pbrt-v3/CMakeFiles/CMakeTmp/src.cxx:2:10: fatal error: 'malloc.h' file not found
#include <malloc.h>
         ^~~~~~~~~~
1 error generated.
make[1]: *** [CMakeFiles/cmTC_4a86d.dir/src.cxx.o] Error 1
make: *** [cmTC_4a86d/fast] Error 2

Source file was:

#include <malloc.h>
int main() { void * ptr = _aligned_malloc(1024, 32); }

Performing C++ SOURCE FILE Test HAVE_MEMALIGN failed with the following output:
Change Dir: /Users/marios/PTaaS/pbrt-v3/CMakeFiles/CMakeTmp

Run Build Command:"/usr/bin/make" "cmTC_ae8eb/fast"
/Library/Developer/CommandLineTools/usr/bin/make -f CMakeFiles/cmTC_ae8eb.dir/build.make CMakeFiles/cmTC_ae8eb.dir/build
Building CXX object CMakeFiles/cmTC_ae8eb.dir/src.cxx.o
/Library/Developer/CommandLineTools/usr/bin/c++    -std=c++11 -Wno-deprecated-register -DHAVE_MEMALIGN   -o CMakeFiles/cmTC_ae8eb.dir/src.cxx.o -c /Users/marios/PTaaS/pbrt-v3/CMakeFiles/CMakeTmp/src.cxx
/Users/marios/PTaaS/pbrt-v3/CMakeFiles/CMakeTmp/src.cxx:2:10: fatal error: 'malloc.h' file not found
#include <malloc.h>
         ^~~~~~~~~~
1 error generated.
make[1]: *** [CMakeFiles/cmTC_ae8eb.dir/src.cxx.o] Error 1
make: *** [cmTC_ae8eb/fast] Error 2

Source file was:

#include <malloc.h>
int main() {
    void *ptr = memalign(32, 1024);
} 
Performing C++ SOURCE FILE Test HAVE_DECLSPEC_THREAD failed with the following output:
Change Dir: /Users/marios/PTaaS/pbrt-v3/CMakeFiles/CMakeTmp

Run Build Command:"/usr/bin/make" "cmTC_b5e02/fast"
/Library/Developer/CommandLineTools/usr/bin/make -f CMakeFiles/cmTC_b5e02.dir/build.make CMakeFiles/cmTC_b5e02.dir/build
Building CXX object CMakeFiles/cmTC_b5e02.dir/src.cxx.o
/Library/Developer/CommandLineTools/usr/bin/c++    -std=c++11 -Wno-deprecated-register -DHAVE_DECLSPEC_THREAD   -o CMakeFiles/cmTC_b5e02.dir/src.cxx.o -c /Users/marios/PTaaS/pbrt-v3/CMakeFiles/CMakeTmp/src.cxx
/Users/marios/PTaaS/pbrt-v3/CMakeFiles/CMakeTmp/src.cxx:2:1: error: unknown type name '__declspec'
__declspec(thread) int x; int main() { }
^
/Users/marios/PTaaS/pbrt-v3/CMakeFiles/CMakeTmp/src.cxx:2:19: error: expected ';' after top level declarator
__declspec(thread) int x; int main() { }
                  ^
                  ;
2 errors generated.
make[1]: *** [CMakeFiles/cmTC_b5e02.dir/src.cxx.o] Error 1
make: *** [cmTC_b5e02/fast] Error 2

Source file was:

__declspec(thread) int x; int main() { }

Determining if the include file syscall.h exists failed with the following output:
Change Dir: /Users/marios/PTaaS/pbrt-v3/CMakeFiles/CMakeTmp

Run Build Command:"/usr/bin/make" "cmTC_5eba1/fast"
/Library/Developer/CommandLineTools/usr/bin/make -f CMakeFiles/cmTC_5eba1.dir/build.make CMakeFiles/cmTC_5eba1.dir/build
Building C object CMakeFiles/cmTC_5eba1.dir/CheckIncludeFile.c.o
/Library/Developer/CommandLineTools/usr/bin/cc    -o CMakeFiles/cmTC_5eba1.dir/CheckIncludeFile.c.o   -c /Users/marios/PTaaS/pbrt-v3/CMakeFiles/CMakeTmp/CheckIncludeFile.c
/Users/marios/PTaaS/pbrt-v3/CMakeFiles/CMakeTmp/CheckIncludeFile.c:1:10: fatal error: 'syscall.h' file not found
#include <syscall.h>
         ^~~~~~~~~~~
1 error generated.
make[1]: *** [CMakeFiles/cmTC_5eba1.dir/CheckIncludeFile.c.o] Error 1
make: *** [cmTC_5eba1/fast] Error 2


Determining if the include file ucontext.h exists failed with the following output:
Change Dir: /Users/marios/PTaaS/pbrt-v3/CMakeFiles/CMakeTmp

Run Build Command:"/usr/bin/make" "cmTC_bc71c/fast"
/Library/Developer/CommandLineTools/usr/bin/make -f CMakeFiles/cmTC_bc71c.dir/build.make CMakeFiles/cmTC_bc71c.dir/build
Building C object CMakeFiles/cmTC_bc71c.dir/CheckIncludeFile.c.o
/Library/Developer/CommandLineTools/usr/bin/cc    -o CMakeFiles/cmTC_bc71c.dir/CheckIncludeFile.c.o   -c /Users/marios/PTaaS/pbrt-v3/CMakeFiles/CMakeTmp/CheckIncludeFile.c
In file included from /Users/marios/PTaaS/pbrt-v3/CMakeFiles/CMakeTmp/CheckIncludeFile.c:1:
/usr/include/ucontext.h:43:2: error: The deprecated ucontext routines require _XOPEN_SOURCE to be defined
#error The deprecated ucontext routines require _XOPEN_SOURCE to be defined
 ^
1 error generated.
make[1]: *** [CMakeFiles/cmTC_bc71c.dir/CheckIncludeFile.c.o] Error 1
make: *** [cmTC_bc71c/fast] Error 2


Determining if the include file ext/slist exists failed with the following output:
Change Dir: /Users/marios/PTaaS/pbrt-v3/CMakeFiles/CMakeTmp

Run Build Command:"/usr/bin/make" "cmTC_f6e10/fast"
/Library/Developer/CommandLineTools/usr/bin/make -f CMakeFiles/cmTC_f6e10.dir/build.make CMakeFiles/cmTC_f6e10.dir/build
Building CXX object CMakeFiles/cmTC_f6e10.dir/CheckIncludeFile.cxx.o
/Library/Developer/CommandLineTools/usr/bin/c++    -std=c++11 -Wno-deprecated-register    -o CMakeFiles/cmTC_f6e10.dir/CheckIncludeFile.cxx.o -c /Users/marios/PTaaS/pbrt-v3/CMakeFiles/CMakeTmp/CheckIncludeFile.cxx
/Users/marios/PTaaS/pbrt-v3/CMakeFiles/CMakeTmp/CheckIncludeFile.cxx:1:10: fatal error: 'ext/slist' file not found
#include <ext/slist>
         ^~~~~~~~~~~
1 error generated.
make[1]: *** [CMakeFiles/cmTC_f6e10.dir/CheckIncludeFile.cxx.o] Error 1
make: *** [cmTC_f6e10/fast] Error 2


Determining if the include file tr1/unordered_map exists failed with the following output:
Change Dir: /Users/marios/PTaaS/pbrt-v3/CMakeFiles/CMakeTmp

Run Build Command:"/usr/bin/make" "cmTC_1f6a8/fast"
/Library/Developer/CommandLineTools/usr/bin/make -f CMakeFiles/cmTC_1f6a8.dir/build.make CMakeFiles/cmTC_1f6a8.dir/build
Building CXX object CMakeFiles/cmTC_1f6a8.dir/CheckIncludeFile.cxx.o
/Library/Developer/CommandLineTools/usr/bin/c++    -std=c++11 -Wno-deprecated-register    -o CMakeFiles/cmTC_1f6a8.dir/CheckIncludeFile.cxx.o -c /Users/marios/PTaaS/pbrt-v3/CMakeFiles/CMakeTmp/CheckIncludeFile.cxx
/Users/marios/PTaaS/pbrt-v3/CMakeFiles/CMakeTmp/CheckIncludeFile.cxx:1:10: fatal error: 'tr1/unordered_map' file not found
#include <tr1/unordered_map>
         ^~~~~~~~~~~~~~~~~~~
1 error generated.
make[1]: *** [CMakeFiles/cmTC_1f6a8.dir/CheckIncludeFile.cxx.o] Error 1
make: *** [cmTC_1f6a8/fast] Error 2


Determining if the include file tr1/unordered_set exists failed with the following output:
Change Dir: /Users/marios/PTaaS/pbrt-v3/CMakeFiles/CMakeTmp

Run Build Command:"/usr/bin/make" "cmTC_310b5/fast"
/Library/Developer/CommandLineTools/usr/bin/make -f CMakeFiles/cmTC_310b5.dir/build.make CMakeFiles/cmTC_310b5.dir/build
Building CXX object CMakeFiles/cmTC_310b5.dir/CheckIncludeFile.cxx.o
/Library/Developer/CommandLineTools/usr/bin/c++    -std=c++11 -Wno-deprecated-register    -o CMakeFiles/cmTC_310b5.dir/CheckIncludeFile.cxx.o -c /Users/marios/PTaaS/pbrt-v3/CMakeFiles/CMakeTmp/CheckIncludeFile.cxx
/Users/marios/PTaaS/pbrt-v3/CMakeFiles/CMakeTmp/CheckIncludeFile.cxx:1:10: fatal error: 'tr1/unordered_set' file not found
#include <tr1/unordered_set>
         ^~~~~~~~~~~~~~~~~~~
1 error generated.
make[1]: *** [CMakeFiles/cmTC_310b5.dir/CheckIncludeFile.cxx.o] Error 1
make: *** [cmTC_310b5/fast] Error 2


Determining size of unsigned __int16 failed with the following output:
Change Dir: /Users/marios/PTaaS/pbrt-v3/CMakeFiles/CMakeTmp

Run Build Command:"/usr/bin/make" "cmTC_863c5/fast"
/Library/Developer/CommandLineTools/usr/bin/make -f CMakeFiles/cmTC_863c5.dir/build.make CMakeFiles/cmTC_863c5.dir/build
Building C object CMakeFiles/cmTC_863c5.dir/HAVE___UINT16.c.o
/Library/Developer/CommandLineTools/usr/bin/cc    -o CMakeFiles/cmTC_863c5.dir/HAVE___UINT16.c.o   -c /Users/marios/PTaaS/pbrt-v3/CMakeFiles/CheckTypeSize/HAVE___UINT16.c
/Users/marios/PTaaS/pbrt-v3/CMakeFiles/CheckTypeSize/HAVE___UINT16.c:19:12: error: expected ')'
  ('0' + ((SIZE / 10000)%10)),
           ^
/Users/marios/PTaaS/pbrt-v3/CMakeFiles/CheckTypeSize/HAVE___UINT16.c:17:31: note: expanded from macro 'SIZE'
#define SIZE (sizeof(unsigned __int16))
                              ^
/Users/marios/PTaaS/pbrt-v3/CMakeFiles/CheckTypeSize/HAVE___UINT16.c:19:12: note: to match this '('
/Users/marios/PTaaS/pbrt-v3/CMakeFiles/CheckTypeSize/HAVE___UINT16.c:17:21: note: expanded from macro 'SIZE'
#define SIZE (sizeof(unsigned __int16))
                    ^
/Users/marios/PTaaS/pbrt-v3/CMakeFiles/CheckTypeSize/HAVE___UINT16.c:20:12: error: expected ')'
  ('0' + ((SIZE / 1000)%10)),
           ^
/Users/marios/PTaaS/pbrt-v3/CMakeFiles/CheckTypeSize/HAVE___UINT16.c:17:31: note: expanded from macro 'SIZE'
#define SIZE (sizeof(unsigned __int16))
                              ^
/Users/marios/PTaaS/pbrt-v3/CMakeFiles/CheckTypeSize/HAVE___UINT16.c:20:12: note: to match this '('
/Users/marios/PTaaS/pbrt-v3/CMakeFiles/CheckTypeSize/HAVE___UINT16.c:17:21: note: expanded from macro 'SIZE'
#define SIZE (sizeof(unsigned __int16))
                    ^
/Users/marios/PTaaS/pbrt-v3/CMakeFiles/CheckTypeSize/HAVE___UINT16.c:21:12: error: expected ')'
  ('0' + ((SIZE / 100)%10)),
           ^
/Users/marios/PTaaS/pbrt-v3/CMakeFiles/CheckTypeSize/HAVE___UINT16.c:17:31: note: expanded from macro 'SIZE'
#define SIZE (sizeof(unsigned __int16))
                              ^
/Users/marios/PTaaS/pbrt-v3/CMakeFiles/CheckTypeSize/HAVE___UINT16.c:21:12: note: to match this '('
/Users/marios/PTaaS/pbrt-v3/CMakeFiles/CheckTypeSize/HAVE___UINT16.c:17:21: note: expanded from macro 'SIZE'
#define SIZE (sizeof(unsigned __int16))
                    ^
/Users/marios/PTaaS/pbrt-v3/CMakeFiles/CheckTypeSize/HAVE___UINT16.c:22:12: error: expected ')'
  ('0' + ((SIZE / 10)%10)),
           ^
/Users/marios/PTaaS/pbrt-v3/CMakeFiles/CheckTypeSize/HAVE___UINT16.c:17:31: note: expanded from macro 'SIZE'
#define SIZE (sizeof(unsigned __int16))
                              ^
/Users/marios/PTaaS/pbrt-v3/CMakeFiles/CheckTypeSize/HAVE___UINT16.c:22:12: note: to match this '('
/Users/marios/PTaaS/pbrt-v3/CMakeFiles/CheckTypeSize/HAVE___UINT16.c:17:21: note: expanded from macro 'SIZE'
#define SIZE (sizeof(unsigned __int16))
                    ^
/Users/marios/PTaaS/pbrt-v3/CMakeFiles/CheckTypeSize/HAVE___UINT16.c:23:12: error: expected ')'
  ('0' +  (SIZE    % 10)),
           ^
/Users/marios/PTaaS/pbrt-v3/CMakeFiles/CheckTypeSize/HAVE___UINT16.c:17:31: note: expanded from macro 'SIZE'
#define SIZE (sizeof(unsigned __int16))
                              ^
/Users/marios/PTaaS/pbrt-v3/CMakeFiles/CheckTypeSize/HAVE___UINT16.c:23:12: note: to match this '('
/Users/marios/PTaaS/pbrt-v3/CMakeFiles/CheckTypeSize/HAVE___UINT16.c:17:21: note: expanded from macro 'SIZE'
#define SIZE (sizeof(unsigned __int16))
                    ^
5 errors generated.
make[1]: *** [CMakeFiles/cmTC_863c5.dir/HAVE___UINT16.c.o] Error 1
make: *** [cmTC_863c5/fast] Error 2

/Users/marios/PTaaS/pbrt-v3/CMakeFiles/CheckTypeSize/HAVE___UINT16.c:
#include <sys/types.h>
#include <stdint.h>
#include <stddef.h>


#undef KEY
#if defined(__i386)
# define KEY '_','_','i','3','8','6'
#elif defined(__x86_64)
# define KEY '_','_','x','8','6','_','6','4'
#elif defined(__ppc__)
# define KEY '_','_','p','p','c','_','_'
#elif defined(__ppc64__)
# define KEY '_','_','p','p','c','6','4','_','_'
#endif

#define SIZE (sizeof(unsigned __int16))
char info_size[] =  {'I', 'N', 'F', 'O', ':', 's','i','z','e','[',
  ('0' + ((SIZE / 10000)%10)),
  ('0' + ((SIZE / 1000)%10)),
  ('0' + ((SIZE / 100)%10)),
  ('0' + ((SIZE / 10)%10)),
  ('0' +  (SIZE    % 10)),
  ']',
#ifdef KEY
  ' ','k','e','y','[', KEY, ']',
#endif
  '\0'};

#ifdef __CLASSIC_C__
int main(argc, argv) int argc; char *argv[];
#else
int main(int argc, char *argv[])
#endif
{
  int require = 0;
  require += info_size[argc];
  (void)argv;
  return require;
}


Determining if the function get_static_proc_name exists in the unwind failed with the following output:
Change Dir: /Users/marios/PTaaS/pbrt-v3/CMakeFiles/CMakeTmp

Run Build Command:"/usr/bin/make" "cmTC_36aa9/fast"
/Library/Developer/CommandLineTools/usr/bin/make -f CMakeFiles/cmTC_36aa9.dir/build.make CMakeFiles/cmTC_36aa9.dir/build
Building C object CMakeFiles/cmTC_36aa9.dir/CheckFunctionExists.c.o
/Library/Developer/CommandLineTools/usr/bin/cc   -DCHECK_FUNCTION_EXISTS=get_static_proc_name   -o CMakeFiles/cmTC_36aa9.dir/CheckFunctionExists.c.o   -c /usr/local/Cellar/cmake/3.9.3_1/share/cmake/Modules/CheckFunctionExists.c
Linking C executable cmTC_36aa9
/usr/local/Cellar/cmake/3.9.3_1/bin/cmake -E cmake_link_script CMakeFiles/cmTC_36aa9.dir/link.txt --verbose=1
/Library/Developer/CommandLineTools/usr/bin/cc  -DCHECK_FUNCTION_EXISTS=get_static_proc_name -Wl,-search_paths_first -Wl,-headerpad_max_install_names   CMakeFiles/cmTC_36aa9.dir/CheckFunctionExists.c.o  -o cmTC_36aa9 -lunwind 
ld: library not found for -lunwind
clang: error: linker command failed with exit code 1 (use -v to see invocation)
make[1]: *** [cmTC_36aa9] Error 1
make: *** [cmTC_36aa9/fast] Error 2


Performing C SOURCE FILE Test HAVE___DECLSPEC failed with the following output:
Change Dir: /Users/marios/PTaaS/pbrt-v3/CMakeFiles/CMakeTmp

Run Build Command:"/usr/bin/make" "cmTC_c992a/fast"
/Library/Developer/CommandLineTools/usr/bin/make -f CMakeFiles/cmTC_c992a.dir/build.make CMakeFiles/cmTC_c992a.dir/build
Building C object CMakeFiles/cmTC_c992a.dir/src.c.o
/Library/Developer/CommandLineTools/usr/bin/cc   -DHAVE___DECLSPEC   -o CMakeFiles/cmTC_c992a.dir/src.c.o   -c /Users/marios/PTaaS/pbrt-v3/CMakeFiles/CMakeTmp/src.c
/Users/marios/PTaaS/pbrt-v3/CMakeFiles/CMakeTmp/src.c:2:27: error: parameter named 'a' is missing
__declspec(selectany) int a;
                          ^
/Users/marios/PTaaS/pbrt-v3/CMakeFiles/CMakeTmp/src.c:3:5: error: parameter named 'main' is missing
int main(void) { return 0; }
    ^
/Users/marios/PTaaS/pbrt-v3/CMakeFiles/CMakeTmp/src.c:3:15: error: expected ';' at end of declaration
int main(void) { return 0; }
              ^
              ;
/Users/marios/PTaaS/pbrt-v3/CMakeFiles/CMakeTmp/src.c:2:1: warning: type specifier missing, defaults to 'int' [-Wimplicit-int]
__declspec(selectany) int a;
^
1 warning and 3 errors generated.
make[1]: *** [CMakeFiles/cmTC_c992a.dir/src.c.o] Error 1
make: *** [cmTC_c992a/fast] Error 2

Source file was:

__declspec(selectany) int a;
int main(void) { return 0; }

Performing C++ SOURCE FILE Test STL_NO_NAMESPACE failed with the following output:
Change Dir: /Users/marios/PTaaS/pbrt-v3/CMakeFiles/CMakeTmp

Run Build Command:"/usr/bin/make" "cmTC_a2740/fast"
/Library/Developer/CommandLineTools/usr/bin/make -f CMakeFiles/cmTC_a2740.dir/build.make CMakeFiles/cmTC_a2740.dir/build
Building CXX object CMakeFiles/cmTC_a2740.dir/src.cxx.o
/Library/Developer/CommandLineTools/usr/bin/c++    -std=c++11 -Wno-deprecated-register -DSTL_NO_NAMESPACE   -o CMakeFiles/cmTC_a2740.dir/src.cxx.o -c /Users/marios/PTaaS/pbrt-v3/CMakeFiles/CMakeTmp/src.cxx
/Users/marios/PTaaS/pbrt-v3/CMakeFiles/CMakeTmp/src.cxx:3:1: error: no template named 'vector'; did you mean 'std::vector'?
vector<int> t; int main() { }
^~~~~~
std::vector
/Library/Developer/CommandLineTools/usr/include/c++/v1/vector:450:28: note: 'std::vector' declared here
class _LIBCPP_TEMPLATE_VIS vector
                           ^
1 error generated.
make[1]: *** [CMakeFiles/cmTC_a2740.dir/src.cxx.o] Error 1
make: *** [cmTC_a2740/fast] Error 2

Source file was:

#include <vector>
vector<int> t; int main() { }

